# JRE version: OpenJDK Runtime Environment Temurin-17.0.7+7 (17.0.7+7) (build 17.0.7+7)
# Java VM: OpenJDK 64-Bit Server VM Temurin-17.0.7+7 (17.0.7+7, mixed mode, tiered, compressed oops, compressed class ptrs, parallel gc, windows-amd64)
GC Precious Log:
 CPUs: 8 total, 8 available
 Memory: 8118M
 Large Page Support: Disabled
 NUMA Support: Disabled
 Compressed Oops: Enabled (32-bit)
 Alignments: Space 512K, Generation 512K, Heap 2M
 Heap Min Capacity: 100M
 Heap Initial Capacity: 100M
 Heap Max Capacity: 1G
 Pre-touch: Disabled
 Parallel Workers: 8
Heap:
 PSYoungGen      total 11776K, used 9176K [0x00000000eab00000, 0x00000000eb800000, 0x0000000100000000)
  eden space 10240K, 77% used [0x00000000eab00000,0x00000000eb2c0448,0x00000000eb500000)
  from space 1536K, 80% used [0x00000000eb680000,0x00000000eb7b5d20,0x00000000eb800000)
  to   space 1536K, 0% used [0x00000000eb500000,0x00000000eb500000,0x00000000eb680000)
 ParOldGen       total 160256K, used 147916K [0x00000000c0000000, 0x00000000c9c80000, 0x00000000eab00000)
  object space 160256K, 92% used [0x00000000c0000000,0x00000000c9073168,0x00000000c9c80000)
 Metaspace       used 60492K, committed 61632K, reserved 1114112K
  class space    used 6482K, committed 6976K, reserved 1048576K
GC Heap History (20 events):
Event: 27.377 GC heap before
{Heap before GC invocations=77 (full 6):
 PSYoungGen      total 13312K, used 13121K [0x00000000eab00000, 0x00000000eb980000, 0x0000000100000000)
  eden space 11776K, 99% used [0x00000000eab00000,0x00000000eb67ded0,0x00000000eb680000)
  from space 1536K, 88% used [0x00000000eb800000,0x00000000eb952548,0x00000000eb980000)
  to   space 1536K, 0% used [0x00000000eb680000,0x00000000eb680000,0x00000000eb800000)
 ParOldGen       total 160256K, used 137534K [0x00000000c0000000, 0x00000000c9c80000, 0x00000000eab00000)
  object space 160256K, 85% used [0x00000000c0000000,0x00000000c864fb90,0x00000000c9c80000)
 Metaspace       used 57972K, committed 59008K, reserved 1114112K
  class space    used 6202K, committed 6656K, reserved 1048576K
}
Event: 27.380 GC heap after
{Heap after GC invocations=77 (full 6):
 PSYoungGen      total 13312K, used 1172K [0x00000000eab00000, 0x00000000eb980000, 0x0000000100000000)
  eden space 11776K, 0% used [0x00000000eab00000,0x00000000eab00000,0x00000000eb680000)
  from space 1536K, 76% used [0x00000000eb680000,0x00000000eb7a52c0,0x00000000eb800000)
  to   space 1536K, 0% used [0x00000000eb800000,0x00000000eb800000,0x00000000eb980000)
 ParOldGen       total 160256K, used 138817K [0x00000000c0000000, 0x00000000c9c80000, 0x00000000eab00000)
  object space 160256K, 86% used [0x00000000c0000000,0x00000000c87904b0,0x00000000c9c80000)
 Metaspace       used 57972K, committed 59008K, reserved 1114112K
  class space    used 6202K, committed 6656K, reserved 1048576K
}
Event: 27.486 GC heap before
{Heap before GC invocations=78 (full 6):
 PSYoungGen      total 13312K, used 12924K [0x00000000eab00000, 0x00000000eb980000, 0x0000000100000000)
  eden space 11776K, 99% used [0x00000000eab00000,0x00000000eb67a0f8,0x00000000eb680000)
  from space 1536K, 76% used [0x00000000eb680000,0x00000000eb7a52c0,0x00000000eb800000)
  to   space 1536K, 0% used [0x00000000eb800000,0x00000000eb800000,0x00000000eb980000)
 ParOldGen       total 160256K, used 138817K [0x00000000c0000000, 0x00000000c9c80000, 0x00000000eab00000)
  object space 160256K, 86% used [0x00000000c0000000,0x00000000c87904b0,0x00000000c9c80000)
 Metaspace       used 58148K, committed 59136K, reserved 1114112K
  class space    used 6217K, committed 6656K, reserved 1048576K
}
Event: 27.489 GC heap after
{Heap after GC invocations=78 (full 6):
 PSYoungGen      total 12800K, used 1519K [0x00000000eab00000, 0x00000000eba80000, 0x0000000100000000)
  eden space 11264K, 0% used [0x00000000eab00000,0x00000000eab00000,0x00000000eb600000)
  from space 1536K, 98% used [0x00000000eb800000,0x00000000eb97bc80,0x00000000eb980000)
  to   space 2048K, 0% used [0x00000000eb600000,0x00000000eb600000,0x00000000eb800000)
 ParOldGen       total 160256K, used 139878K [0x00000000c0000000, 0x00000000c9c80000, 0x00000000eab00000)
  object space 160256K, 87% used [0x00000000c0000000,0x00000000c8899bb8,0x00000000c9c80000)
 Metaspace       used 58148K, committed 59136K, reserved 1114112K
  class space    used 6217K, committed 6656K, reserved 1048576K
}
Event: 27.573 GC heap before
{Heap before GC invocations=79 (full 6):
 PSYoungGen      total 12800K, used 12783K [0x00000000eab00000, 0x00000000eba80000, 0x0000000100000000)
  eden space 11264K, 100% used [0x00000000eab00000,0x00000000eb600000,0x00000000eb600000)
  from space 1536K, 98% used [0x00000000eb800000,0x00000000eb97bc80,0x00000000eb980000)
  to   space 2048K, 0% used [0x00000000eb600000,0x00000000eb600000,0x00000000eb800000)
 ParOldGen       total 160256K, used 139878K [0x00000000c0000000, 0x00000000c9c80000, 0x00000000eab00000)
  object space 160256K, 87% used [0x00000000c0000000,0x00000000c8899bb8,0x00000000c9c80000)
 Metaspace       used 58592K, committed 59648K, reserved 1114112K
  class space    used 6244K, committed 6720K, reserved 1048576K
}
Event: 27.577 GC heap after
{Heap after GC invocations=79 (full 6):
 PSYoungGen      total 12800K, used 1153K [0x00000000eab00000, 0x00000000eb900000, 0x0000000100000000)
  eden space 11264K, 0% used [0x00000000eab00000,0x00000000eab00000,0x00000000eb600000)
  from space 1536K, 75% used [0x00000000eb600000,0x00000000eb720670,0x00000000eb780000)
  to   space 1536K, 0% used [0x00000000eb780000,0x00000000eb780000,0x00000000eb900000)
 ParOldGen       total 160256K, used 140917K [0x00000000c0000000, 0x00000000c9c80000, 0x00000000eab00000)
  object space 160256K, 87% used [0x00000000c0000000,0x00000000c899d7c8,0x00000000c9c80000)
 Metaspace       used 58592K, committed 59648K, reserved 1114112K
  class space    used 6244K, committed 6720K, reserved 1048576K
}
Event: 27.708 GC heap before
{Heap before GC invocations=80 (full 6):
 PSYoungGen      total 12800K, used 12417K [0x00000000eab00000, 0x00000000eb900000, 0x0000000100000000)
  eden space 11264K, 100% used [0x00000000eab00000,0x00000000eb600000,0x00000000eb600000)
  from space 1536K, 75% used [0x00000000eb600000,0x00000000eb720670,0x00000000eb780000)
  to   space 1536K, 0% used [0x00000000eb780000,0x00000000eb780000,0x00000000eb900000)
 ParOldGen       total 160256K, used 140917K [0x00000000c0000000, 0x00000000c9c80000, 0x00000000eab00000)
  object space 160256K, 87% used [0x00000000c0000000,0x00000000c899d7c8,0x00000000c9c80000)
 Metaspace       used 59125K, committed 60224K, reserved 1114112K
  class space    used 6293K, committed 6784K, reserved 1048576K
}
Event: 27.711 GC heap after
{Heap after GC invocations=80 (full 6):
 PSYoungGen      total 12288K, used 854K [0x00000000eab00000, 0x00000000eb880000, 0x0000000100000000)
  eden space 11264K, 0% used [0x00000000eab00000,0x00000000eab00000,0x00000000eb600000)
  from space 1024K, 83% used [0x00000000eb780000,0x00000000eb855a68,0x00000000eb880000)
  to   space 1024K, 0% used [0x00000000eb680000,0x00000000eb680000,0x00000000eb780000)
 ParOldGen       total 160256K, used 141794K [0x00000000c0000000, 0x00000000c9c80000, 0x00000000eab00000)
  object space 160256K, 88% used [0x00000000c0000000,0x00000000c8a789c0,0x00000000c9c80000)
 Metaspace       used 59125K, committed 60224K, reserved 1114112K
  class space    used 6293K, committed 6784K, reserved 1048576K
}
Event: 27.814 GC heap before
{Heap before GC invocations=81 (full 6):
 PSYoungGen      total 12288K, used 12118K [0x00000000eab00000, 0x00000000eb880000, 0x0000000100000000)
  eden space 11264K, 100% used [0x00000000eab00000,0x00000000eb600000,0x00000000eb600000)
  from space 1024K, 83% used [0x00000000eb780000,0x00000000eb855a68,0x00000000eb880000)
  to   space 1024K, 0% used [0x00000000eb680000,0x00000000eb680000,0x00000000eb780000)
 ParOldGen       total 160256K, used 141794K [0x00000000c0000000, 0x00000000c9c80000, 0x00000000eab00000)
  object space 160256K, 88% used [0x00000000c0000000,0x00000000c8a789c0,0x00000000c9c80000)
 Metaspace       used 59551K, committed 60672K, reserved 1114112K
  class space    used 6349K, committed 6848K, reserved 1048576K
}
Event: 27.817 GC heap after
{Heap after GC invocations=81 (full 6):
 PSYoungGen      total 12288K, used 704K [0x00000000eab00000, 0x00000000eb800000, 0x0000000100000000)
  eden space 11264K, 0% used [0x00000000eab00000,0x00000000eab00000,0x00000000eb600000)
  from space 1024K, 68% used [0x00000000eb680000,0x00000000eb730000,0x00000000eb780000)
  to   space 512K, 0% used [0x00000000eb780000,0x00000000eb780000,0x00000000eb800000)
 ParOldGen       total 160256K, used 142420K [0x00000000c0000000, 0x00000000c9c80000, 0x00000000eab00000)
  object space 160256K, 88% used [0x00000000c0000000,0x00000000c8b15338,0x00000000c9c80000)
 Metaspace       used 59551K, committed 60672K, reserved 1114112K
  class space    used 6349K, committed 6848K, reserved 1048576K
}
Event: 27.913 GC heap before
{Heap before GC invocations=82 (full 6):
 PSYoungGen      total 12288K, used 11968K [0x00000000eab00000, 0x00000000eb800000, 0x0000000100000000)
  eden space 11264K, 100% used [0x00000000eab00000,0x00000000eb600000,0x00000000eb600000)
  from space 1024K, 68% used [0x00000000eb680000,0x00000000eb730000,0x00000000eb780000)
  to   space 512K, 0% used [0x00000000eb780000,0x00000000eb780000,0x00000000eb800000)
 ParOldGen       total 160256K, used 142420K [0x00000000c0000000, 0x00000000c9c80000, 0x00000000eab00000)
  object space 160256K, 88% used [0x00000000c0000000,0x00000000c8b15338,0x00000000c9c80000)
 Metaspace       used 59791K, committed 60864K, reserved 1114112K
  class space    used 6381K, committed 6848K, reserved 1048576K
}
Event: 27.917 GC heap after
{Heap after GC invocations=82 (full 6):
 PSYoungGen      total 10752K, used 502K [0x00000000eab00000, 0x00000000ebb00000, 0x0000000100000000)
  eden space 10240K, 0% used [0x00000000eab00000,0x00000000eab00000,0x00000000eb500000)
  from space 512K, 98% used [0x00000000eb780000,0x00000000eb7fda00,0x00000000eb800000)
  to   space 2560K, 0% used [0x00000000eb500000,0x00000000eb500000,0x00000000eb780000)
 ParOldGen       total 160256K, used 144101K [0x00000000c0000000, 0x00000000c9c80000, 0x00000000eab00000)
  object space 160256K, 89% used [0x00000000c0000000,0x00000000c8cb9488,0x00000000c9c80000)
 Metaspace       used 59791K, committed 60864K, reserved 1114112K
  class space    used 6381K, committed 6848K, reserved 1048576K
}
Event: 28.145 GC heap before
{Heap before GC invocations=83 (full 6):
 PSYoungGen      total 10752K, used 10742K [0x00000000eab00000, 0x00000000ebb00000, 0x0000000100000000)
  eden space 10240K, 100% used [0x00000000eab00000,0x00000000eb500000,0x00000000eb500000)
  from space 512K, 98% used [0x00000000eb780000,0x00000000eb7fda00,0x00000000eb800000)
  to   space 2560K, 0% used [0x00000000eb500000,0x00000000eb500000,0x00000000eb780000)
 ParOldGen       total 160256K, used 144101K [0x00000000c0000000, 0x00000000c9c80000, 0x00000000eab00000)
  object space 160256K, 89% used [0x00000000c0000000,0x00000000c8cb9488,0x00000000c9c80000)
 Metaspace       used 59991K, committed 61056K, reserved 1114112K
  class space    used 6409K, committed 6912K, reserved 1048576K
}
Event: 28.149 GC heap after
{Heap after GC invocations=83 (full 6):
 PSYoungGen      total 11264K, used 972K [0x00000000eab00000, 0x00000000eb800000, 0x0000000100000000)
  eden space 10240K, 0% used [0x00000000eab00000,0x00000000eab00000,0x00000000eb500000)
  from space 1024K, 94% used [0x00000000eb500000,0x00000000eb5f31b8,0x00000000eb600000)
  to   space 1536K, 0% used [0x00000000eb680000,0x00000000eb680000,0x00000000eb800000)
 ParOldGen       total 160256K, used 144597K [0x00000000c0000000, 0x00000000c9c80000, 0x00000000eab00000)
  object space 160256K, 90% used [0x00000000c0000000,0x00000000c8d35540,0x00000000c9c80000)
 Metaspace       used 59991K, committed 61056K, reserved 1114112K
  class space    used 6409K, committed 6912K, reserved 1048576K
}
Event: 28.582 GC heap before
{Heap before GC invocations=84 (full 6):
 PSYoungGen      total 11264K, used 11212K [0x00000000eab00000, 0x00000000eb800000, 0x0000000100000000)
  eden space 10240K, 100% used [0x00000000eab00000,0x00000000eb500000,0x00000000eb500000)
  from space 1024K, 94% used [0x00000000eb500000,0x00000000eb5f31b8,0x00000000eb600000)
  to   space 1536K, 0% used [0x00000000eb680000,0x00000000eb680000,0x00000000eb800000)
 ParOldGen       total 160256K, used 144597K [0x00000000c0000000, 0x00000000c9c80000, 0x00000000eab00000)
  object space 160256K, 90% used [0x00000000c0000000,0x00000000c8d35540,0x00000000c9c80000)
 Metaspace       used 60071K, committed 61120K, reserved 1114112K
  class space    used 6415K, committed 6912K, reserved 1048576K
}
Event: 28.587 GC heap after
{Heap after GC invocations=84 (full 6):
 PSYoungGen      total 11776K, used 944K [0x00000000eab00000, 0x00000000eb800000, 0x0000000100000000)
  eden space 10240K, 0% used [0x00000000eab00000,0x00000000eab00000,0x00000000eb500000)
  from space 1536K, 61% used [0x00000000eb680000,0x00000000eb76c160,0x00000000eb800000)
  to   space 1536K, 0% used [0x00000000eb500000,0x00000000eb500000,0x00000000eb680000)
 ParOldGen       total 160256K, used 145482K [0x00000000c0000000, 0x00000000c9c80000, 0x00000000eab00000)
  object space 160256K, 90% used [0x00000000c0000000,0x00000000c8e12958,0x00000000c9c80000)
 Metaspace       used 60071K, committed 61120K, reserved 1114112K
  class space    used 6415K, committed 6912K, reserved 1048576K
}
Event: 28.922 GC heap before
{Heap before GC invocations=85 (full 6):
 PSYoungGen      total 11776K, used 11130K [0x00000000eab00000, 0x00000000eb800000, 0x0000000100000000)
  eden space 10240K, 99% used [0x00000000eab00000,0x00000000eb4f28f0,0x00000000eb500000)
  from space 1536K, 61% used [0x00000000eb680000,0x00000000eb76c160,0x00000000eb800000)
  to   space 1536K, 0% used [0x00000000eb500000,0x00000000eb500000,0x00000000eb680000)
 ParOldGen       total 160256K, used 145482K [0x00000000c0000000, 0x00000000c9c80000, 0x00000000eab00000)
  object space 160256K, 90% used [0x00000000c0000000,0x00000000c8e12958,0x00000000c9c80000)
 Metaspace       used 60150K, committed 61184K, reserved 1114112K
  class space    used 6436K, committed 6912K, reserved 1048576K
}
Event: 28.927 GC heap after
{Heap after GC invocations=85 (full 6):
 PSYoungGen      total 11776K, used 1522K [0x00000000eab00000, 0x00000000eb800000, 0x0000000100000000)
  eden space 10240K, 0% used [0x00000000eab00000,0x00000000eab00000,0x00000000eb500000)
  from space 1536K, 99% used [0x00000000eb500000,0x00000000eb67caf8,0x00000000eb680000)
  to   space 1536K, 0% used [0x00000000eb680000,0x00000000eb680000,0x00000000eb800000)
 ParOldGen       total 160256K, used 146418K [0x00000000c0000000, 0x00000000c9c80000, 0x00000000eab00000)
  object space 160256K, 91% used [0x00000000c0000000,0x00000000c8efc870,0x00000000c9c80000)
 Metaspace       used 60150K, committed 61184K, reserved 1114112K
  class space    used 6436K, committed 6912K, reserved 1048576K
}
Event: 29.243 GC heap before
{Heap before GC invocations=86 (full 6):
 PSYoungGen      total 11776K, used 11755K [0x00000000eab00000, 0x00000000eb800000, 0x0000000100000000)
  eden space 10240K, 99% used [0x00000000eab00000,0x00000000eb4fe298,0x00000000eb500000)
  from space 1536K, 99% used [0x00000000eb500000,0x00000000eb67caf8,0x00000000eb680000)
  to   space 1536K, 0% used [0x00000000eb680000,0x00000000eb680000,0x00000000eb800000)
 ParOldGen       total 160256K, used 146418K [0x00000000c0000000, 0x00000000c9c80000, 0x00000000eab00000)
  object space 160256K, 91% used [0x00000000c0000000,0x00000000c8efc870,0x00000000c9c80000)
 Metaspace       used 60287K, committed 61376K, reserved 1114112K
  class space    used 6468K, committed 6912K, reserved 1048576K
}
Event: 29.248 GC heap after
{Heap after GC invocations=86 (full 6):
 PSYoungGen      total 11776K, used 1239K [0x00000000eab00000, 0x00000000eb800000, 0x0000000100000000)
  eden space 10240K, 0% used [0x00000000eab00000,0x00000000eab00000,0x00000000eb500000)
  from space 1536K, 80% used [0x00000000eb680000,0x00000000eb7b5d20,0x00000000eb800000)
  to   space 1536K, 0% used [0x00000000eb500000,0x00000000eb500000,0x00000000eb680000)
 ParOldGen       total 160256K, used 147916K [0x00000000c0000000, 0x00000000c9c80000, 0x00000000eab00000)
  object space 160256K, 92% used [0x00000000c0000000,0x00000000c9073168,0x00000000c9c80000)
 Metaspace       used 60287K, committed 61376K, reserved 1114112K
  class space    used 6468K, committed 6912K, reserved 1048576K
}

